<?xml version="1.0" encoding="UTF-8"?>
<!-- Generated by org.testng.reporters.JUnitReportReporter -->
<testsuite hostname="DESKTOP-DKAMDAI" failures="0" tests="1" name="com.techlistic.tests.ParameterTest" time="0.006" errors="0" timestamp="2022-03-19T14:23:57 IST" skipped="0">
  <testcase classname="com.techlistic.tests.ParameterTest" name="testParameter" time="0.006"/>
  <system-out>
    <![CDATA[Browser is > chrome
Version is > 2022]]>
  </system-out>
</testsuite> <!-- com.techlistic.tests.ParameterTest -->
