<?xml version="1.0" encoding="UTF-8"?>
<!-- Generated by org.testng.reporters.JUnitReportReporter -->
<testsuite hostname="DESKTOP-DKAMDAI" failures="0" tests="1" name="com.techlistic.tests.UploadCheck" time="4.183" errors="0" timestamp="2022-03-19T12:52:12 IST" skipped="0">
  <testcase classname="com.techlistic.tests.UploadCheck" name="uploadFile" time="4.183"/>
  <system-out>
    <![CDATA[]]>
  </system-out>
</testsuite> <!-- com.techlistic.tests.UploadCheck -->
